Using pre-set license
Built from '2020.2/release' branch; Version is '2020.2.0f1 (3721df5a8b28) revision 3613151'; Using compiler version '192528614'; Build Type 'Release'
OS: 'Windows 10  (10.0.0) 64bit' Language: 'en' Physical Memory: 16333 MB
BatchMode: 1, IsHumanControllingUs: 0, StartBugReporterOnCrash: 0, Is64bit: 1, IsPro: 0

 COMMAND LINE ARGUMENTS:
D:\Projects\2020.2.0f1\Editor\Unity.exe
-adb2
-batchMode
-noUpm
-name
AssetImportWorker1
-projectPath
D:/Projects/Tutorials/Card Game Demo
-logFile
Logs/AssetImportWorker1.log
-srvPort
62558
Successfully changed project path to: D:/Projects/Tutorials/Card Game Demo
D:/Projects/Tutorials/Card Game Demo
Using Asset Import Pipeline V2.
Refreshing native plugins compatible for Editor in 30.13 ms, found 1 plugins.
Preloading 0 native plugins for Editor in 0.00 ms.
Initialize engine version: 2020.2.0f1 (3721df5a8b28)
[Subsystems] Discovering subsystems at path D:/Projects/2020.2.0f1/Editor/Data/Resources/UnitySubsystems
[Subsystems] Discovering subsystems at path D:/Projects/Tutorials/Card Game Demo/Assets
GfxDevice: creating device client; threaded=0
Direct3D:
    Version:  Direct3D 11.0 [level 11.1]
    Renderer: NVIDIA GeForce RTX 2070 SUPER (ID=0x1e84)
    Vendor:   
    VRAM:     8011 MB
    Driver:   27.21.14.5167
Initialize mono
Mono path[0] = 'D:/Projects/2020.2.0f1/Editor/Data/Managed'
Mono path[1] = 'D:/Projects/2020.2.0f1/Editor/Data/MonoBleedingEdge/lib/mono/unityjit'
Mono config path = 'D:/Projects/2020.2.0f1/Editor/Data/MonoBleedingEdge/etc'
Using monoOptions --debugger-agent=transport=dt_socket,embedding=1,server=y,suspend=n,address=127.0.0.1:56284
Begin MonoManager ReloadAssembly
Registering precompiled unity dll's ...
Register platform support module: D:/Projects/2020.2.0f1/Editor/Data/PlaybackEngines/WindowsStandaloneSupport/UnityEditor.WindowsStandalone.Extensions.dll
Registered in 0.000865 seconds.
Native extension for WindowsStandalone target not found
Refreshing native plugins compatible for Editor in 29.26 ms, found 1 plugins.
Preloading 0 native plugins for Editor in 0.00 ms.
Invoked RoslynAnalysisRunner static constructor.
RoslynAnalysisRunner will not be running.
RoslynAnalysisRunner has terminated.
Mono: successfully reloaded assembly
- Completed reload, in  0.890 seconds
Platform modules already initialized, skipping
Registering precompiled user dll's ...
Registered in 0.000628 seconds.
Begin MonoManager ReloadAssembly
Native extension for WindowsStandalone target not found
Refreshing native plugins compatible for Editor in 29.69 ms, found 1 plugins.
Preloading 0 native plugins for Editor in 0.00 ms.
Invoked RoslynAnalysisRunner static constructor.
RoslynAnalysisRunner will not be running.
RoslynAnalysisRunner has terminated.
Mono: successfully reloaded assembly
- Completed reload, in  3.146 seconds
Platform modules already initialized, skipping
========================================================================
Worker process is ready to serve import requests
Launched and connected shader compiler UnityShaderCompiler.exe after 0.12 seconds
Refreshing native plugins compatible for Editor in 0.31 ms, found 1 plugins.
Preloading 0 native plugins for Editor in 0.00 ms.
Unloading 1787 Unused Serialized files (Serialized files now loaded: 0)
System memory in use before: 83.5 MB.
System memory in use after: 83.5 MB.

Unloading 24 unused Assets to reduce memory usage. Loaded Objects now: 2227.
Total: 1.731200 ms (FindLiveObjects: 0.217900 ms CreateObjectMapping: 0.045100 ms MarkObjects: 1.382900 ms  DeleteObjects: 0.084300 ms)

========================================================================
Received Import Request.
  path: Assets/Assets/Sprites/Frames/frame-8-grey.png
  artifactKey: Guid(b3b282e23a1dca24db23577935472ec5) Importer(815301076,1909f56bfc062723c751e8b465ee728b)
Start importing Assets/Assets/Sprites/Frames/frame-8-grey.png using Guid(b3b282e23a1dca24db23577935472ec5) Importer(815301076,1909f56bfc062723c751e8b465ee728b)  -> (artifact id: 'e76138e8c071bc57ccb8fc92ebdb6a9f') in 0.173088 seconds
  Import took 0.189848 seconds .

========================================================================
Received Prepare
Registering precompiled user dll's ...
Registered in 0.000736 seconds.
Begin MonoManager ReloadAssembly
Native extension for WindowsStandalone target not found
Refreshing native plugins compatible for Editor in 0.34 ms, found 1 plugins.
Preloading 0 native plugins for Editor in 0.00 ms.
Invoked RoslynAnalysisRunner static constructor.
RoslynAnalysisRunner will not be running.
RoslynAnalysisRunner has terminated.
Mono: successfully reloaded assembly
- Completed reload, in  0.650 seconds
Platform modules already initialized, skipping
Refreshing native plugins compatible for Editor in 0.24 ms, found 1 plugins.
Preloading 0 native plugins for Editor in 0.00 ms.
Unloading 1783 Unused Serialized files (Serialized files now loaded: 0)
System memory in use before: 86.7 MB.
System memory in use after: 86.7 MB.

Unloading 12 unused Assets to reduce memory usage. Loaded Objects now: 2237.
Total: 1.731300 ms (FindLiveObjects: 0.168400 ms CreateObjectMapping: 0.040300 ms MarkObjects: 1.429300 ms  DeleteObjects: 0.092500 ms)

========================================================================
Received Import Request.
  Time since last request: 167.951299 seconds.
  path: Assets/Assets/Scripts
  artifactKey: Guid(fb49b550cafe5714391437956b6bd650) Importer(815301076,1909f56bfc062723c751e8b465ee728b)
Start importing Assets/Assets/Scripts using Guid(fb49b550cafe5714391437956b6bd650) Importer(815301076,1909f56bfc062723c751e8b465ee728b)  -> (artifact id: 'a60e6159afcfde4974bb90f13d887c94') in 0.007464 seconds
  Import took 0.029976 seconds .

========================================================================
Received Import Request.
  Time since last request: 36.259380 seconds.
  path: Assets/Assets/Scripts/UI
  artifactKey: Guid(34db4f55f8b62054cb095ec04218d4d3) Importer(815301076,1909f56bfc062723c751e8b465ee728b)
Start importing Assets/Assets/Scripts/UI using Guid(34db4f55f8b62054cb095ec04218d4d3) Importer(815301076,1909f56bfc062723c751e8b465ee728b)  -> (artifact id: 'f7399c660a19e57cede544f6ecca8670') in 0.004619 seconds
  Import took 0.015071 seconds .

========================================================================
Received Import Request.
  Time since last request: 42.656986 seconds.
  path: Assets/Assets/Prefabs
  artifactKey: Guid(f85e2e859adfa614fad67659e95d3410) Importer(815301076,1909f56bfc062723c751e8b465ee728b)
Start importing Assets/Assets/Prefabs using Guid(f85e2e859adfa614fad67659e95d3410) Importer(815301076,1909f56bfc062723c751e8b465ee728b)  -> (artifact id: '0de3ee5bcdfcd613f6a9abf66354d791') in 0.004887 seconds
  Import took 0.007925 seconds .

========================================================================
Received Import Request.
  Time since last request: 8.417412 seconds.
  path: Assets/Assets/Prefabs/SpellCard.prefab
  artifactKey: Guid(2d58bfec61c0c5847827ebc9a377a77e) Importer(815301076,1909f56bfc062723c751e8b465ee728b)
Start importing Assets/Assets/Prefabs/SpellCard.prefab using Guid(2d58bfec61c0c5847827ebc9a377a77e) Importer(815301076,1909f56bfc062723c751e8b465ee728b)  -> (artifact id: '8eac01bdbaabe23b8471a2916a3dd4dc') in 0.365045 seconds
  Import took 0.368347 seconds .

========================================================================
Received Prepare
Registering precompiled user dll's ...
Registered in 0.000857 seconds.
Begin MonoManager ReloadAssembly
Native extension for WindowsStandalone target not found
Refreshing native plugins compatible for Editor in 0.35 ms, found 1 plugins.
Preloading 0 native plugins for Editor in 0.00 ms.
Invoked RoslynAnalysisRunner static constructor.
RoslynAnalysisRunner will not be running.
RoslynAnalysisRunner has terminated.
Mono: successfully reloaded assembly
- Completed reload, in  0.687 seconds
Platform modules already initialized, skipping
Refreshing native plugins compatible for Editor in 0.34 ms, found 1 plugins.
Preloading 0 native plugins for Editor in 0.00 ms.
Unloading 1783 Unused Serialized files (Serialized files now loaded: 0)
System memory in use before: 86.8 MB.
System memory in use after: 86.8 MB.

Unloading 12 unused Assets to reduce memory usage. Loaded Objects now: 2240.
Total: 1.775900 ms (FindLiveObjects: 0.261100 ms CreateObjectMapping: 0.037600 ms MarkObjects: 1.383400 ms  DeleteObjects: 0.092400 ms)

========================================================================
Received Import Request.
  Time since last request: 281.643982 seconds.
  path: Assets/Assets/Scripts/Visual
  artifactKey: Guid(7a8d63359f86abe47a4570a6269f729d) Importer(815301076,1909f56bfc062723c751e8b465ee728b)
Start importing Assets/Assets/Scripts/Visual using Guid(7a8d63359f86abe47a4570a6269f729d) Importer(815301076,1909f56bfc062723c751e8b465ee728b)  -> (artifact id: 'fbe73ec2c2a799003a410bbe95ae1d80') in 0.007731 seconds
  Import took 0.010645 seconds .

========================================================================
Received Prepare
Registering precompiled user dll's ...
Registered in 0.000732 seconds.
Begin MonoManager ReloadAssembly
Native extension for WindowsStandalone target not found
Refreshing native plugins compatible for Editor in 0.34 ms, found 1 plugins.
Preloading 0 native plugins for Editor in 0.00 ms.
Invoked RoslynAnalysisRunner static constructor.
RoslynAnalysisRunner will not be running.
RoslynAnalysisRunner has terminated.
Mono: successfully reloaded assembly
- Completed reload, in  0.633 seconds
Platform modules already initialized, skipping
Refreshing native plugins compatible for Editor in 0.24 ms, found 1 plugins.
Preloading 0 native plugins for Editor in 0.00 ms.
Unloading 1784 Unused Serialized files (Serialized files now loaded: 0)
System memory in use before: 86.9 MB.
System memory in use after: 86.9 MB.

Unloading 12 unused Assets to reduce memory usage. Loaded Objects now: 2244.
Total: 1.870900 ms (FindLiveObjects: 0.200500 ms CreateObjectMapping: 0.043200 ms MarkObjects: 1.538800 ms  DeleteObjects: 0.087500 ms)

========================================================================
Received Import Request.
  Time since last request: 28.056170 seconds.
  path: Assets/Assets/Scripts/Visual/BetterCardRotation.cs
  artifactKey: Guid(6524f41ed74e0e2429a4e7ab2f11040a) Importer(815301076,1909f56bfc062723c751e8b465ee728b)
Start importing Assets/Assets/Scripts/Visual/BetterCardRotation.cs using Guid(6524f41ed74e0e2429a4e7ab2f11040a) Importer(815301076,1909f56bfc062723c751e8b465ee728b)  -> (artifact id: 'c8879e4404d23780ed2f9dfa1e7b6c02') in 0.010217 seconds
  Import took 0.012773 seconds .

========================================================================
Received Import Request.
  Time since last request: 0.014241 seconds.
  path: Assets/Assets/Scripts/Visual/BetterCardRotation.cs
  artifactKey: Guid(6524f41ed74e0e2429a4e7ab2f11040a) Importer(815301076,1909f56bfc062723c751e8b465ee728b)
Start importing Assets/Assets/Scripts/Visual/BetterCardRotation.cs using Guid(6524f41ed74e0e2429a4e7ab2f11040a) Importer(815301076,1909f56bfc062723c751e8b465ee728b)  -> (artifact id: 'c8879e4404d23780ed2f9dfa1e7b6c02') in 0.001721 seconds
  Import took 0.004223 seconds .

========================================================================
Received Prepare
Registering precompiled user dll's ...
Registered in 0.041508 seconds.
Begin MonoManager ReloadAssembly
Native extension for WindowsStandalone target not found
Refreshing native plugins compatible for Editor in 0.35 ms, found 1 plugins.
Preloading 0 native plugins for Editor in 0.00 ms.
Invoked RoslynAnalysisRunner static constructor.
RoslynAnalysisRunner will not be running.
RoslynAnalysisRunner has terminated.
Mono: successfully reloaded assembly
- Completed reload, in  0.722 seconds
Platform modules already initialized, skipping
Refreshing native plugins compatible for Editor in 0.36 ms, found 1 plugins.
Preloading 0 native plugins for Editor in 0.00 ms.
Unloading 1784 Unused Serialized files (Serialized files now loaded: 0)
System memory in use before: 87.0 MB.
System memory in use after: 87.0 MB.

Unloading 12 unused Assets to reduce memory usage. Loaded Objects now: 2247.
Total: 1.633300 ms (FindLiveObjects: 0.188900 ms CreateObjectMapping: 0.039700 ms MarkObjects: 1.321900 ms  DeleteObjects: 0.081900 ms)

========================================================================
Received Prepare
Registering precompiled user dll's ...
Registered in 0.000862 seconds.
Begin MonoManager ReloadAssembly
Native extension for WindowsStandalone target not found
Refreshing native plugins compatible for Editor in 0.35 ms, found 1 plugins.
Preloading 0 native plugins for Editor in 0.00 ms.
Invoked RoslynAnalysisRunner static constructor.
RoslynAnalysisRunner will not be running.
RoslynAnalysisRunner has terminated.
Mono: successfully reloaded assembly
- Completed reload, in  0.714 seconds
Platform modules already initialized, skipping
Refreshing native plugins compatible for Editor in 0.33 ms, found 1 plugins.
Preloading 0 native plugins for Editor in 0.00 ms.
Unloading 1789 Unused Serialized files (Serialized files now loaded: 0)
System memory in use before: 87.2 MB.
System memory in use after: 87.2 MB.

Unloading 12 unused Assets to reduce memory usage. Loaded Objects now: 2255.
Total: 2.048800 ms (FindLiveObjects: 0.190700 ms CreateObjectMapping: 0.037400 ms MarkObjects: 1.731200 ms  DeleteObjects: 0.088300 ms)

========================================================================
Received Import Request.
  Time since last request: 85301.242314 seconds.
  path: Assets/Assets/Scripts/SO Asset Scripts
  artifactKey: Guid(11afb74e325c78f4bbde9aa3f509a054) Importer(815301076,1909f56bfc062723c751e8b465ee728b)
Start importing Assets/Assets/Scripts/SO Asset Scripts using Guid(11afb74e325c78f4bbde9aa3f509a054) Importer(815301076,1909f56bfc062723c751e8b465ee728b)  -> (artifact id: 'dc892d270bd91f11501bc5c861a0c2d3') in 0.007616 seconds
  Import took 0.031235 seconds .

========================================================================
Received Import Request.
  Time since last request: 3.774972 seconds.
  path: Assets/Assets/Scripts/SO Asset Scripts/Editor
  artifactKey: Guid(1e0eb282eec4ebe4088a5754f05e4e6a) Importer(815301076,1909f56bfc062723c751e8b465ee728b)
Start importing Assets/Assets/Scripts/SO Asset Scripts/Editor using Guid(1e0eb282eec4ebe4088a5754f05e4e6a) Importer(815301076,1909f56bfc062723c751e8b465ee728b)  -> (artifact id: '463480f976896926997ad97a3ef9d04a') in 0.020133 seconds
  Import took 0.038018 seconds .

========================================================================
Received Import Request.
  Time since last request: 2.575614 seconds.
  path: Assets/Assets/Scripts/SO Asset Scripts/Editor/ScriptableObjectUtility2.cs
  artifactKey: Guid(ba2a61d6d1ab51b41922e671768d4b89) Importer(815301076,1909f56bfc062723c751e8b465ee728b)
Start importing Assets/Assets/Scripts/SO Asset Scripts/Editor/ScriptableObjectUtility2.cs using Guid(ba2a61d6d1ab51b41922e671768d4b89) Importer(815301076,1909f56bfc062723c751e8b465ee728b)  -> (artifact id: 'ad62fcf93f4776b43f7aa6305e6c6b18') in 0.005114 seconds
  Import took 0.024954 seconds .

========================================================================
Received Import Request.
  Time since last request: 44.287646 seconds.
  path: Assets/Assets/Scripts/SO Asset Scripts/CardAsset/Editor
  artifactKey: Guid(8d09bba0bbebfd444874db4892b81575) Importer(815301076,1909f56bfc062723c751e8b465ee728b)
Start importing Assets/Assets/Scripts/SO Asset Scripts/CardAsset/Editor using Guid(8d09bba0bbebfd444874db4892b81575) Importer(815301076,1909f56bfc062723c751e8b465ee728b)  -> (artifact id: 'e773043611878dfb3dc53cbabe19b950') in 0.002999 seconds
  Import took 0.148794 seconds .

========================================================================
Received Import Request.
  Time since last request: 1.548519 seconds.
  path: Assets/Assets/Scripts/SO Asset Scripts/CardAsset/Editor/CardUnityIntegration.cs
  artifactKey: Guid(bd55a5602e28f704bb35ee604e539d07) Importer(815301076,1909f56bfc062723c751e8b465ee728b)
Start importing Assets/Assets/Scripts/SO Asset Scripts/CardAsset/Editor/CardUnityIntegration.cs using Guid(bd55a5602e28f704bb35ee604e539d07) Importer(815301076,1909f56bfc062723c751e8b465ee728b)  -> (artifact id: '9cf64762c20b1847ef212df4f921f1d1') in 0.004695 seconds
  Import took 0.018404 seconds .

========================================================================
Received Import Request.
  Time since last request: 71.554435 seconds.
  path: Assets/Assets/SO Asets
  artifactKey: Guid(949253afe620cd948a3cf7b484119cb2) Importer(815301076,1909f56bfc062723c751e8b465ee728b)
Start importing Assets/Assets/SO Asets using Guid(949253afe620cd948a3cf7b484119cb2) Importer(815301076,1909f56bfc062723c751e8b465ee728b)  -> (artifact id: '0f93c825cdc023cea2d6988fab3b15a8') in 0.005113 seconds
  Import took 0.014558 seconds .

========================================================================
Received Import Request.
  Time since last request: 5.568906 seconds.
  path: Assets/Assets/SO Assets
  artifactKey: Guid(949253afe620cd948a3cf7b484119cb2) Importer(815301076,1909f56bfc062723c751e8b465ee728b)
Start importing Assets/Assets/SO Assets using Guid(949253afe620cd948a3cf7b484119cb2) Importer(815301076,1909f56bfc062723c751e8b465ee728b)  -> (artifact id: '022fc9b155e5ae620d2d2cf305321a0d') in 0.005136 seconds
  Import took 0.007823 seconds .

========================================================================
Received Import Request.
  Time since last request: 4.988152 seconds.
  path: Assets/Assets/SO Assets/Spells
  artifactKey: Guid(94483a9c30f9ff247b1a6da14c6dc440) Importer(815301076,1909f56bfc062723c751e8b465ee728b)
Start importing Assets/Assets/SO Assets/Spells using Guid(94483a9c30f9ff247b1a6da14c6dc440) Importer(815301076,1909f56bfc062723c751e8b465ee728b)  -> (artifact id: '51aea6471b00b723455dd72708616b53') in 0.005086 seconds
  Import took 0.021214 seconds .

========================================================================
Received Import Request.
  Time since last request: 7.572335 seconds.
  path: Assets/Assets/Scripts/SO Asset Scripts/CardAsset/CardAsset.cs
  artifactKey: Guid(41e206fc57f453a42b932de9e94caabf) Importer(815301076,1909f56bfc062723c751e8b465ee728b)
Start importing Assets/Assets/Scripts/SO Asset Scripts/CardAsset/CardAsset.cs using Guid(41e206fc57f453a42b932de9e94caabf) Importer(815301076,1909f56bfc062723c751e8b465ee728b)  -> (artifact id: 'f8b5c9ace92cb1f7cdb77c729a5e5770') in 0.005004 seconds
  Import took 0.155228 seconds .

========================================================================
Received Import Request.
  Time since last request: 35.919927 seconds.
  path: Assets/Assets/SO Assets/Spells/Eclipse.asset
  artifactKey: Guid(3ee55afb5650db143a091efef41a450d) Importer(815301076,1909f56bfc062723c751e8b465ee728b)
Start importing Assets/Assets/SO Assets/Spells/Eclipse.asset using Guid(3ee55afb5650db143a091efef41a450d) Importer(815301076,1909f56bfc062723c751e8b465ee728b)  -> (artifact id: '91731af3e6b916791cebf3251ecd5855') in 0.012686 seconds
  Import took 0.023121 seconds .

========================================================================
Received Import Request.
  Time since last request: 82555.379239 seconds.
  path: Assets/Assets/SO Assets/Spells/Fireball.asset
  artifactKey: Guid(6a2799acf42cde944b262b7021092f60) Importer(815301076,1909f56bfc062723c751e8b465ee728b)
Start importing Assets/Assets/SO Assets/Spells/Fireball.asset using Guid(6a2799acf42cde944b262b7021092f60) Importer(815301076,1909f56bfc062723c751e8b465ee728b)  -> (artifact id: 'f9ac83f302bd266c9dfcef232b396b7e') in 0.035454 seconds
  Import took 0.081672 seconds .

========================================================================
Received Prepare
Registering precompiled user dll's ...
Registered in 0.041100 seconds.
Begin MonoManager ReloadAssembly
Native extension for WindowsStandalone target not found
Refreshing native plugins compatible for Editor in 0.35 ms, found 1 plugins.
Preloading 0 native plugins for Editor in 0.00 ms.
Invoked RoslynAnalysisRunner static constructor.
RoslynAnalysisRunner will not be running.
RoslynAnalysisRunner has terminated.
Mono: successfully reloaded assembly
- Completed reload, in  0.695 seconds
Platform modules already initialized, skipping
Refreshing native plugins compatible for Editor in 0.33 ms, found 1 plugins.
Preloading 0 native plugins for Editor in 0.00 ms.
Unloading 1790 Unused Serialized files (Serialized files now loaded: 0)
System memory in use before: 87.3 MB.
System memory in use after: 87.3 MB.

Unloading 12 unused Assets to reduce memory usage. Loaded Objects now: 2259.
Total: 1.782100 ms (FindLiveObjects: 0.179200 ms CreateObjectMapping: 0.043200 ms MarkObjects: 1.463300 ms  DeleteObjects: 0.095300 ms)

========================================================================
Received Import Request.
  Time since last request: 90.688405 seconds.
  path: Assets/Assets/Scripts/Visual/OneCardManager.cs
  artifactKey: Guid(0b938fe50e933e346b99bcf0296d7caf) Importer(815301076,1909f56bfc062723c751e8b465ee728b)
Start importing Assets/Assets/Scripts/Visual/OneCardManager.cs using Guid(0b938fe50e933e346b99bcf0296d7caf) Importer(815301076,1909f56bfc062723c751e8b465ee728b)  -> (artifact id: '8e58a0e2a8a7b3179a5522995944955e') in 0.007192 seconds
  Import took 0.022435 seconds .

========================================================================
Received Import Request.
  Time since last request: 546.387876 seconds.
  path: Assets/Assets/SO Assets/Spells/Fireball.asset
  artifactKey: Guid(6a2799acf42cde944b262b7021092f60) Importer(815301076,1909f56bfc062723c751e8b465ee728b)
Start importing Assets/Assets/SO Assets/Spells/Fireball.asset using Guid(6a2799acf42cde944b262b7021092f60) Importer(815301076,1909f56bfc062723c751e8b465ee728b)  -> (artifact id: 'b7f3628f7dbe1f7a1a1cb0e9509e4763') in 0.012997 seconds
  Import took 0.028429 seconds .

========================================================================
Received Import Request.
  Time since last request: 32.867195 seconds.
  path: Assets/Assets/Sprites/FlarePortraits/FlareFemale5.png
  artifactKey: Guid(af044beef863ace44821442a379f0888) Importer(815301076,1909f56bfc062723c751e8b465ee728b)
Start importing Assets/Assets/Sprites/FlarePortraits/FlareFemale5.png using Guid(af044beef863ace44821442a379f0888) Importer(815301076,1909f56bfc062723c751e8b465ee728b)  -> (artifact id: '1500450fd35599addd9ae0d590240275') in 0.095847 seconds
  Import took 0.109341 seconds .

========================================================================
Received Import Request.
  Time since last request: 0.000171 seconds.
  path: Assets/Assets/Sprites/FlarePortraits/FlareFemaleHero3.png
  artifactKey: Guid(338fd539ee2b1ae4c96f0c316641014b) Importer(815301076,1909f56bfc062723c751e8b465ee728b)
Start importing Assets/Assets/Sprites/FlarePortraits/FlareFemaleHero3.png using Guid(338fd539ee2b1ae4c96f0c316641014b) Importer(815301076,1909f56bfc062723c751e8b465ee728b)  -> (artifact id: '6d061b2bc4a80be6a16f8e66a873f431') in 0.046633 seconds
  Import took 0.075687 seconds .

========================================================================
Received Import Request.
  Time since last request: 0.000158 seconds.
  path: Assets/Assets/Sprites/FlarePortraits/FlareMaleHero2.png
  artifactKey: Guid(47d08223fcf18bc4aa99a34283382605) Importer(815301076,1909f56bfc062723c751e8b465ee728b)
Start importing Assets/Assets/Sprites/FlarePortraits/FlareMaleHero2.png using Guid(47d08223fcf18bc4aa99a34283382605) Importer(815301076,1909f56bfc062723c751e8b465ee728b)  -> (artifact id: '3f924b64e6d910ba15a0c94976a42125') in 0.032826 seconds
  Import took 0.045808 seconds .

========================================================================
Received Import Request.
  Time since last request: 0.000167 seconds.
  path: Assets/Assets/Sprites/FlarePortraits/FlareFemale6.png
  artifactKey: Guid(82c207beaa485f44488b77daa1d8b4fa) Importer(815301076,1909f56bfc062723c751e8b465ee728b)
Start importing Assets/Assets/Sprites/FlarePortraits/FlareFemale6.png using Guid(82c207beaa485f44488b77daa1d8b4fa) Importer(815301076,1909f56bfc062723c751e8b465ee728b)  -> (artifact id: 'ac8cedafa12f1f448891d1d92bed2b7c') in 0.028383 seconds
  Import took 0.031108 seconds .

========================================================================
Received Import Request.
  Time since last request: 0.000156 seconds.
  path: Assets/Assets/Sprites/FlarePortraits/FlareFemaleHero2.png
  artifactKey: Guid(ee62c2f285798b643840d517db386b04) Importer(815301076,1909f56bfc062723c751e8b465ee728b)
Start importing Assets/Assets/Sprites/FlarePortraits/FlareFemaleHero2.png using Guid(ee62c2f285798b643840d517db386b04) Importer(815301076,1909f56bfc062723c751e8b465ee728b)  -> (artifact id: 'bb381789dac59095b7511df0c0651c8c') in 0.037408 seconds
  Import took 0.040278 seconds .

========================================================================
Received Import Request.
  Time since last request: 14.870964 seconds.
  path: Assets/Assets/SO Assets/Spells/Fireball.asset
  artifactKey: Guid(6a2799acf42cde944b262b7021092f60) Importer(815301076,1909f56bfc062723c751e8b465ee728b)
Start importing Assets/Assets/SO Assets/Spells/Fireball.asset using Guid(6a2799acf42cde944b262b7021092f60) Importer(815301076,1909f56bfc062723c751e8b465ee728b)  -> (artifact id: '78b13ea4416e8f369dc8fc5f292f9ccc') in 0.002201 seconds
  Import took 0.005303 seconds .

========================================================================
Received Prepare
Registering precompiled user dll's ...
Registered in 0.000798 seconds.
Begin MonoManager ReloadAssembly
Native extension for WindowsStandalone target not found
Refreshing native plugins compatible for Editor in 0.32 ms, found 1 plugins.
Preloading 0 native plugins for Editor in 0.00 ms.
Invoked RoslynAnalysisRunner static constructor.
RoslynAnalysisRunner will not be running.
RoslynAnalysisRunner has terminated.
Mono: successfully reloaded assembly
- Completed reload, in  0.637 seconds
Platform modules already initialized, skipping
Refreshing native plugins compatible for Editor in 0.29 ms, found 1 plugins.
Preloading 0 native plugins for Editor in 0.00 ms.
Unloading 1790 Unused Serialized files (Serialized files now loaded: 0)
System memory in use before: 87.3 MB.
System memory in use after: 87.3 MB.

Unloading 12 unused Assets to reduce memory usage. Loaded Objects now: 2263.
Total: 1.833100 ms (FindLiveObjects: 0.195700 ms CreateObjectMapping: 0.042500 ms MarkObjects: 1.470800 ms  DeleteObjects: 0.123400 ms)

========================================================================
Received Prepare
Registering precompiled user dll's ...
Registered in 0.001019 seconds.
Begin MonoManager ReloadAssembly
Native extension for WindowsStandalone target not found
Refreshing native plugins compatible for Editor in 0.35 ms, found 1 plugins.
Preloading 0 native plugins for Editor in 0.00 ms.
Invoked RoslynAnalysisRunner static constructor.
RoslynAnalysisRunner will not be running.
RoslynAnalysisRunner has terminated.
Mono: successfully reloaded assembly
- Completed reload, in  0.649 seconds
Platform modules already initialized, skipping
Refreshing native plugins compatible for Editor in 0.35 ms, found 1 plugins.
Preloading 0 native plugins for Editor in 0.00 ms.
Unloading 1790 Unused Serialized files (Serialized files now loaded: 0)
System memory in use before: 87.4 MB.
System memory in use after: 87.4 MB.

Unloading 12 unused Assets to reduce memory usage. Loaded Objects now: 2266.
Total: 1.793300 ms (FindLiveObjects: 0.226300 ms CreateObjectMapping: 0.042300 ms MarkObjects: 1.376200 ms  DeleteObjects: 0.147300 ms)

========================================================================
Received Prepare
Registering precompiled user dll's ...
Registered in 0.140453 seconds.
Begin MonoManager ReloadAssembly
Native extension for WindowsStandalone target not found
Refreshing native plugins compatible for Editor in 0.35 ms, found 1 plugins.
Preloading 0 native plugins for Editor in 0.00 ms.
Invoked RoslynAnalysisRunner static constructor.
RoslynAnalysisRunner will not be running.
RoslynAnalysisRunner has terminated.
Mono: successfully reloaded assembly
- Completed reload, in  6.305 seconds
Platform modules already initialized, skipping
Refreshing native plugins compatible for Editor in 0.33 ms, found 1 plugins.
Preloading 0 native plugins for Editor in 0.00 ms.
Unloading 1790 Unused Serialized files (Serialized files now loaded: 0)
System memory in use before: 87.5 MB.
System memory in use after: 87.5 MB.

Unloading 12 unused Assets to reduce memory usage. Loaded Objects now: 2269.
Total: 1.957800 ms (FindLiveObjects: 0.190200 ms CreateObjectMapping: 0.038300 ms MarkObjects: 1.645900 ms  DeleteObjects: 0.081900 ms)

========================================================================
Received Prepare
Registering precompiled user dll's ...
Registered in 0.000736 seconds.
Begin MonoManager ReloadAssembly
Native extension for WindowsStandalone target not found
Refreshing native plugins compatible for Editor in 0.36 ms, found 1 plugins.
Preloading 0 native plugins for Editor in 0.00 ms.
Invoked RoslynAnalysisRunner static constructor.
RoslynAnalysisRunner will not be running.
RoslynAnalysisRunner has terminated.
Mono: successfully reloaded assembly
- Completed reload, in  0.650 seconds
Platform modules already initialized, skipping
Refreshing native plugins compatible for Editor in 0.32 ms, found 1 plugins.
Preloading 0 native plugins for Editor in 0.00 ms.
Unloading 1790 Unused Serialized files (Serialized files now loaded: 0)
System memory in use before: 87.5 MB.
System memory in use after: 87.5 MB.

Unloading 12 unused Assets to reduce memory usage. Loaded Objects now: 2272.
Total: 1.917800 ms (FindLiveObjects: 0.283600 ms CreateObjectMapping: 0.052000 ms MarkObjects: 1.494400 ms  DeleteObjects: 0.086400 ms)

========================================================================
Received Import Request.
  Time since last request: 70134.529379 seconds.
  path: Assets/Assets/SO Assets/Spells/Fireball.asset
  artifactKey: Guid(6a2799acf42cde944b262b7021092f60) Importer(815301076,1909f56bfc062723c751e8b465ee728b)
Start importing Assets/Assets/SO Assets/Spells/Fireball.asset using Guid(6a2799acf42cde944b262b7021092f60) Importer(815301076,1909f56bfc062723c751e8b465ee728b)  -> (artifact id: '7412dcd322bd57dd6d6367b75505dd36') in 0.025431 seconds
  Import took 0.042834 seconds .

========================================================================
Received Prepare
Registering precompiled user dll's ...
Registered in 0.000824 seconds.
Begin MonoManager ReloadAssembly
Native extension for WindowsStandalone target not found
Refreshing native plugins compatible for Editor in 0.36 ms, found 1 plugins.
Preloading 0 native plugins for Editor in 0.00 ms.
Invoked RoslynAnalysisRunner static constructor.
RoslynAnalysisRunner will not be running.
RoslynAnalysisRunner has terminated.
Mono: successfully reloaded assembly
- Completed reload, in  0.648 seconds
Platform modules already initialized, skipping
Refreshing native plugins compatible for Editor in 0.34 ms, found 1 plugins.
Preloading 0 native plugins for Editor in 0.00 ms.
Unloading 1790 Unused Serialized files (Serialized files now loaded: 0)
System memory in use before: 87.6 MB.
System memory in use after: 87.6 MB.

Unloading 12 unused Assets to reduce memory usage. Loaded Objects now: 2275.
Total: 1.798200 ms (FindLiveObjects: 0.221100 ms CreateObjectMapping: 0.036800 ms MarkObjects: 1.454600 ms  DeleteObjects: 0.085000 ms)

========================================================================
Received Prepare
Registering precompiled user dll's ...
Registered in 0.000869 seconds.
Begin MonoManager ReloadAssembly
Native extension for WindowsStandalone target not found
Refreshing native plugins compatible for Editor in 0.36 ms, found 1 plugins.
Preloading 0 native plugins for Editor in 0.00 ms.
Invoked RoslynAnalysisRunner static constructor.
RoslynAnalysisRunner will not be running.
RoslynAnalysisRunner has terminated.
Mono: successfully reloaded assembly
- Completed reload, in  0.780 seconds
Platform modules already initialized, skipping
Refreshing native plugins compatible for Editor in 0.35 ms, found 1 plugins.
Preloading 0 native plugins for Editor in 0.00 ms.
Unloading 1790 Unused Serialized files (Serialized files now loaded: 0)
System memory in use before: 87.7 MB.
System memory in use after: 87.7 MB.

Unloading 12 unused Assets to reduce memory usage. Loaded Objects now: 2278.
Total: 1.766900 ms (FindLiveObjects: 0.220100 ms CreateObjectMapping: 0.038100 ms MarkObjects: 1.406700 ms  DeleteObjects: 0.093800 ms)

========================================================================
Received Prepare
Registering precompiled user dll's ...
Registered in 0.116735 seconds.
Begin MonoManager ReloadAssembly
Native extension for WindowsStandalone target not found
Refreshing native plugins compatible for Editor in 0.35 ms, found 1 plugins.
Preloading 0 native plugins for Editor in 0.00 ms.
Invoked RoslynAnalysisRunner static constructor.
RoslynAnalysisRunner will not be running.
RoslynAnalysisRunner has terminated.
Mono: successfully reloaded assembly
- Completed reload, in  3.257 seconds
Platform modules already initialized, skipping
Refreshing native plugins compatible for Editor in 0.33 ms, found 1 plugins.
Preloading 0 native plugins for Editor in 0.00 ms.
Unloading 1790 Unused Serialized files (Serialized files now loaded: 0)
System memory in use before: 87.7 MB.
System memory in use after: 87.7 MB.

Unloading 12 unused Assets to reduce memory usage. Loaded Objects now: 2281.
Total: 1.849400 ms (FindLiveObjects: 0.193600 ms CreateObjectMapping: 0.036500 ms MarkObjects: 1.516300 ms  DeleteObjects: 0.102100 ms)

========================================================================
Received Prepare
Registering precompiled user dll's ...
Registered in 0.000797 seconds.
Begin MonoManager ReloadAssembly
Native extension for WindowsStandalone target not found
Refreshing native plugins compatible for Editor in 0.33 ms, found 1 plugins.
Preloading 0 native plugins for Editor in 0.00 ms.
Invoked RoslynAnalysisRunner static constructor.
RoslynAnalysisRunner will not be running.
RoslynAnalysisRunner has terminated.
Mono: successfully reloaded assembly
- Completed reload, in  0.643 seconds
Platform modules already initialized, skipping
Refreshing native plugins compatible for Editor in 0.32 ms, found 1 plugins.
Preloading 0 native plugins for Editor in 0.00 ms.
Unloading 1790 Unused Serialized files (Serialized files now loaded: 0)
System memory in use before: 87.8 MB.
System memory in use after: 87.8 MB.

Unloading 12 unused Assets to reduce memory usage. Loaded Objects now: 2284.
Total: 1.729200 ms (FindLiveObjects: 0.206700 ms CreateObjectMapping: 0.042800 ms MarkObjects: 1.392500 ms  DeleteObjects: 0.086200 ms)

========================================================================
Received Import Request.
  Time since last request: 232421.901104 seconds.
  path: Assets/Assets/SO Assets/Spells/New CardAsset.asset
  artifactKey: Guid(71a2f8fbb9cb4b748a1661f23d13a27d) Importer(815301076,1909f56bfc062723c751e8b465ee728b)
Start importing Assets/Assets/SO Assets/Spells/New CardAsset.asset using Guid(71a2f8fbb9cb4b748a1661f23d13a27d) Importer(815301076,1909f56bfc062723c751e8b465ee728b)  -> (artifact id: '8b11094d237f3bf25112716b3094316e') in 0.012673 seconds
  Import took 0.016639 seconds .

