Using pre-set license
Built from '2020.2/release' branch; Version is '2020.2.0f1 (3721df5a8b28) revision 3613151'; Using compiler version '192528614'; Build Type 'Release'
OS: 'Windows 10  (10.0.0) 64bit' Language: 'en' Physical Memory: 16333 MB
BatchMode: 1, IsHumanControllingUs: 0, StartBugReporterOnCrash: 0, Is64bit: 1, IsPro: 0

 COMMAND LINE ARGUMENTS:
D:\Projects\2020.2.0f1\Editor\Unity.exe
-adb2
-batchMode
-noUpm
-name
AssetImportWorker0
-projectPath
D:/Projects/Tutorials/Card Game Demo
-logFile
Logs/AssetImportWorker0.log
-srvPort
49987
Successfully changed project path to: D:/Projects/Tutorials/Card Game Demo
D:/Projects/Tutorials/Card Game Demo
Using Asset Import Pipeline V2.
Refreshing native plugins compatible for Editor in 29.79 ms, found 1 plugins.
Preloading 0 native plugins for Editor in 0.00 ms.
Initialize engine version: 2020.2.0f1 (3721df5a8b28)
[Subsystems] Discovering subsystems at path D:/Projects/2020.2.0f1/Editor/Data/Resources/UnitySubsystems
[Subsystems] Discovering subsystems at path D:/Projects/Tutorials/Card Game Demo/Assets
GfxDevice: creating device client; threaded=0
Direct3D:
    Version:  Direct3D 11.0 [level 11.1]
    Renderer: NVIDIA GeForce RTX 2070 SUPER (ID=0x1e84)
    Vendor:   
    VRAM:     8011 MB
    Driver:   27.21.14.5167
Initialize mono
Mono path[0] = 'D:/Projects/2020.2.0f1/Editor/Data/Managed'
Mono path[1] = 'D:/Projects/2020.2.0f1/Editor/Data/MonoBleedingEdge/lib/mono/unityjit'
Mono config path = 'D:/Projects/2020.2.0f1/Editor/Data/MonoBleedingEdge/etc'
Using monoOptions --debugger-agent=transport=dt_socket,embedding=1,server=y,suspend=n,address=127.0.0.1:56760
Begin MonoManager ReloadAssembly
Registering precompiled unity dll's ...
Register platform support module: D:/Projects/2020.2.0f1/Editor/Data/PlaybackEngines/WindowsStandaloneSupport/UnityEditor.WindowsStandalone.Extensions.dll
Registered in 0.000896 seconds.
Native extension for WindowsStandalone target not found
Refreshing native plugins compatible for Editor in 29.37 ms, found 1 plugins.
Preloading 0 native plugins for Editor in 0.00 ms.
Invoked RoslynAnalysisRunner static constructor.
RoslynAnalysisRunner will not be running.
RoslynAnalysisRunner has terminated.
Mono: successfully reloaded assembly
- Completed reload, in  0.889 seconds
Platform modules already initialized, skipping
Registering precompiled user dll's ...
Registered in 0.000821 seconds.
Begin MonoManager ReloadAssembly
Native extension for WindowsStandalone target not found
Refreshing native plugins compatible for Editor in 29.73 ms, found 1 plugins.
Preloading 0 native plugins for Editor in 0.00 ms.
Invoked RoslynAnalysisRunner static constructor.
RoslynAnalysisRunner will not be running.
RoslynAnalysisRunner has terminated.
Mono: successfully reloaded assembly
- Completed reload, in  0.709 seconds
Platform modules already initialized, skipping
========================================================================
Worker process is ready to serve import requests
Launched and connected shader compiler UnityShaderCompiler.exe after 0.11 seconds
Refreshing native plugins compatible for Editor in 0.36 ms, found 1 plugins.
Preloading 0 native plugins for Editor in 0.00 ms.
Unloading 1795 Unused Serialized files (Serialized files now loaded: 0)
System memory in use before: 83.8 MB.
System memory in use after: 83.7 MB.

Unloading 24 unused Assets to reduce memory usage. Loaded Objects now: 2235.
Total: 1.950600 ms (FindLiveObjects: 0.366700 ms CreateObjectMapping: 0.045300 ms MarkObjects: 1.446800 ms  DeleteObjects: 0.090500 ms)

========================================================================
Received Import Request.
  path: Assets/Assets/Sprites/glowEffect.png
  artifactKey: Guid(1445c181b04f7374dbf5710745a4610a) Importer(815301076,1909f56bfc062723c751e8b465ee728b)
Start importing Assets/Assets/Sprites/glowEffect.png using Guid(1445c181b04f7374dbf5710745a4610a) Importer(815301076,1909f56bfc062723c751e8b465ee728b)  -> (artifact id: 'cb8a50ec283d92fe982dae28c2b62953') in 0.136411 seconds
  Import took 0.248478 seconds .

========================================================================
Received Import Request.
  Time since last request: 5.847382 seconds.
  path: Assets/Assets/Sprites/GlowsAndMasks
  artifactKey: Guid(a4dade086b1944d48ae6a6c4be1d498b) Importer(815301076,1909f56bfc062723c751e8b465ee728b)
Start importing Assets/Assets/Sprites/GlowsAndMasks using Guid(a4dade086b1944d48ae6a6c4be1d498b) Importer(815301076,1909f56bfc062723c751e8b465ee728b)  -> (artifact id: '2167e1f52fa2776cb8ae2a0bdccb10ff') in 0.006218 seconds
  Import took 0.019428 seconds .

========================================================================
Received Import Request.
  Time since last request: 0.051473 seconds.
  path: Assets/Assets/Sprites/GlowsAndMasks/Avatar Frame mask.png
  artifactKey: Guid(1a179bae306ff9f46b27bca44dbb4231) Importer(815301076,1909f56bfc062723c751e8b465ee728b)
Start importing Assets/Assets/Sprites/GlowsAndMasks/Avatar Frame mask.png using Guid(1a179bae306ff9f46b27bca44dbb4231) Importer(815301076,1909f56bfc062723c751e8b465ee728b)  -> (artifact id: 'aafaa9b0890a28bc28d9b12f4ce6b76f') in 0.072890 seconds
  Import took 0.081424 seconds .

========================================================================
Received Import Request.
  Time since last request: 0.000153 seconds.
  path: Assets/Assets/Sprites/GlowsAndMasks/CreatureGlow.png
  artifactKey: Guid(0189ef0ba61cec9408cd05f7fe2296d0) Importer(815301076,1909f56bfc062723c751e8b465ee728b)
Start importing Assets/Assets/Sprites/GlowsAndMasks/CreatureGlow.png using Guid(0189ef0ba61cec9408cd05f7fe2296d0) Importer(815301076,1909f56bfc062723c751e8b465ee728b)  -> (artifact id: '021fceea3449f85199e29c116e0d48a4') in 0.105261 seconds
  Import took 0.115954 seconds .

========================================================================
Received Import Request.
  Time since last request: 0.000168 seconds.
  path: Assets/Assets/Sprites/GlowsAndMasks/OvalMask.png
  artifactKey: Guid(246995987ff3e3d41a18e4b5fd173a5e) Importer(815301076,1909f56bfc062723c751e8b465ee728b)
Start importing Assets/Assets/Sprites/GlowsAndMasks/OvalMask.png using Guid(246995987ff3e3d41a18e4b5fd173a5e) Importer(815301076,1909f56bfc062723c751e8b465ee728b)  -> (artifact id: '95741be8108994b5f4cc2a1ac03ef69b') in 0.138442 seconds
  Import took 0.141508 seconds .

========================================================================
Received Import Request.
  Time since last request: 339.410729 seconds.
  path: Assets/Assets/Prefabs/SpellCard.prefab
  artifactKey: Guid(2d58bfec61c0c5847827ebc9a377a77e) Importer(815301076,1909f56bfc062723c751e8b465ee728b)
Start importing Assets/Assets/Prefabs/SpellCard.prefab using Guid(2d58bfec61c0c5847827ebc9a377a77e) Importer(815301076,1909f56bfc062723c751e8b465ee728b)  -> (artifact id: '76bc59c333dd8e0e88c39bfbd3c2a243') in 0.025036 seconds
  Import took 0.069793 seconds .

AssetImportWorkerClient::OnTransportError - code=2 error=End of file
